<?xml version="1.0" encoding="UTF-8"?>
<!-- Generated by org.testng.reporters.JUnitXMLReporter -->
<testsuite hostname="DESKTOP-30SA7QP" ignored="0" name="Test" tests="4" failures="0" timestamp="17 Apr 2022 15:48:30 GMT" time="0.038" errors="0">
  <testcase name="seleniumTest1" time="0.008" classname="mavenfirst.SeleniumTest"/>
  <testcase name="seleniumTest2" time="0.0" classname="mavenfirst.SeleniumTest"/>
  <testcase name="restAPITest1" time="0.0" classname="mavenfirst.RestAPI"/>
  <testcase name="restAPITest2" time="0.0" classname="mavenfirst.RestAPI"/>
</testsuite> <!-- Test -->
